2025-11-18 15:33:23 | INFO | trades | OPEN | SELL | qty=3.00 entry=1.08022 sl=1.08070 tp=1.07895
2025-11-18 15:33:23 | INFO | trades | CLOSE | SELL | qty=3.00 exit=1.08070 pnl=-0.00 R=-1.00
2025-11-18 15:33:23 | INFO | trades | OPEN | SELL | qty=2.50 entry=1.08050 sl=1.08100 tp=1.07890
2025-11-18 15:33:23 | INFO | trades | CLOSE | SELL | qty=2.50 exit=1.08050 pnl=-0.00 R=0.00
2025-11-18 15:33:23 | INFO | trades | OPEN | BUY | qty=3.33 entry=1.08098 sl=1.08055 tp=1.08213
2025-11-18 15:33:23 | INFO | trades | CLOSE | BUY | qty=3.33 exit=1.08055 pnl=-0.00 R=-1.00
2025-11-18 15:46:27 | INFO | trades | OPEN | BUY | qty=0.80 entry=1.08032 sl=1.07985 tp=1.08160
2025-11-18 15:46:27 | INFO | trades | CLOSE | BUY | qty=0.80 exit=1.08032 pnl=0.00 R=0.00
2025-11-18 15:46:27 | INFO | trades | OPEN | BUY | qty=0.89 entry=1.08096 sl=1.08055 tp=1.08213
2025-11-18 15:46:27 | INFO | trades | CLOSE | BUY | qty=0.89 exit=1.08055 pnl=-0.00 R=-1.00
2025-11-18 15:46:27 | INFO | trades | OPEN | BUY | qty=0.80 entry=1.08118 sl=1.08070 tp=1.08245
2025-11-18 15:46:27 | INFO | trades | CLOSE | BUY | qty=0.80 exit=1.08070 pnl=-0.00 R=-1.00
2025-11-18 16:03:23 | INFO | trades | OPEN | BUY | qty=0.80 entry=1.08029 sl=1.07985 tp=1.08160
2025-11-18 16:03:23 | INFO | trades | CLOSE | BUY | qty=0.80 exit=1.08029 pnl=0.00 R=0.00
2025-11-18 16:03:23 | INFO | trades | OPEN | BUY | qty=0.89 entry=1.08097 sl=1.08055 tp=1.08213
2025-11-18 16:03:23 | INFO | trades | CLOSE | BUY | qty=0.89 exit=1.08055 pnl=-0.00 R=-1.00
2025-11-18 16:03:24 | INFO | trades | OPEN | BUY | qty=0.80 entry=1.08116 sl=1.08070 tp=1.08245
2025-11-18 16:03:24 | INFO | trades | CLOSE | BUY | qty=0.80 exit=1.08070 pnl=-0.00 R=-1.00
2025-11-18 16:22:57 | INFO | trades | OPEN | BUY | qty=0.80 entry=1.08032 sl=1.07985 tp=1.08160
2025-11-18 16:22:57 | INFO | trades | CLOSE | BUY | qty=0.80 exit=1.08032 pnl=0.00 R=0.00
2025-11-18 16:22:57 | INFO | trades | OPEN | BUY | qty=0.89 entry=1.08099 sl=1.08055 tp=1.08213
2025-11-18 16:22:57 | INFO | trades | CLOSE | BUY | qty=0.89 exit=1.08055 pnl=-0.00 R=-1.00
2025-11-18 16:22:58 | INFO | trades | OPEN | SELL | qty=0.80 entry=1.08070 sl=1.08110 tp=1.07935
2025-11-18 21:22:08 | INFO | trades | OPEN | SELL | qty=3900000.00 entry=1.08063 sl=1.08153 tp=1.07875
2025-11-18 21:22:42 | INFO | trades | OPEN | SELL | qty=18181818.18 entry=1.08094 sl=1.08137 tp=1.08055
2025-11-18 21:22:42 | INFO | trades | CLOSE | SELL | qty=18181818.18 exit=1.08137 pnl=-7887.14 R=-1.00
2025-11-18 21:48:06 | INFO | trades | OPEN | SELL | qty=15603.75 entry=4263.95487 sl=4268.06243 tp=4229.61014
2025-11-18 21:48:06 | INFO | trades | CLOSE | SELL | qty=15603.75 exit=4268.06243 pnl=-6409.33 R=-1.00
2025-11-18 21:48:06 | INFO | trades | OPEN | SELL | qty=25666.40 entry=4345.28483 sl=4351.53757 tp=4328.90986
2025-11-18 21:48:06 | INFO | trades | CLOSE | SELL | qty=25666.40 exit=4328.90986 pnl=42028.67 R=0.00
2025-11-18 21:48:06 | INFO | trades | OPEN | BUY | qty=13940.29 entry=4321.70017 sl=4316.64796 tp=4367.35407
2025-11-18 21:48:06 | INFO | trades | CLOSE | BUY | qty=13940.29 exit=4321.70017 pnl=0.00 R=0.00
2025-11-18 21:48:06 | INFO | trades | OPEN | BUY | qty=10291.80 entry=4324.09513 sl=4316.46111 tp=4385.14279
2025-11-18 21:48:06 | INFO | trades | CLOSE | BUY | qty=10291.80 exit=4324.09513 pnl=0.00 R=0.00
2025-11-18 21:48:06 | INFO | trades | OPEN | SELL | qty=4674.52 entry=4273.19987 sl=4309.29504 tp=4158.07993
2025-11-18 21:48:06 | INFO | trades | CLOSE | SELL | qty=4674.52 exit=4158.07993 pnl=53813.04 R=0.00
2025-11-18 21:48:06 | INFO | trades | OPEN | SELL | qty=17819.88 entry=4130.14483 sl=4144.29211 tp=4095.56579
2025-11-18 21:48:06 | INFO | trades | CLOSE | SELL | qty=17819.88 exit=4130.14483 pnl=-0.00 R=0.00
2025-11-18 21:48:06 | INFO | trades | OPEN | BUY | qty=10627.83 entry=4128.41015 sl=4106.06657 tp=4187.76686
2025-11-18 21:48:06 | INFO | trades | CLOSE | BUY | qty=10627.83 exit=4128.41015 pnl=0.00 R=0.00
2025-11-18 21:48:07 | INFO | trades | OPEN | BUY | qty=8732.38 entry=4082.37511 sl=4054.32529 tp=4153.75943
2025-11-18 21:48:07 | INFO | trades | CLOSE | BUY | qty=8732.38 exit=4054.32529 pnl=-24494.19 R=-1.00
2025-11-18 21:48:07 | INFO | trades | OPEN | SELL | qty=24076.38 entry=4090.63483 sl=4101.49407 tp=4068.48186
2025-11-18 21:48:07 | INFO | trades | CLOSE | SELL | qty=24076.38 exit=4101.49407 pnl=-26145.13 R=-1.00
2025-11-18 21:48:07 | INFO | trades | OPEN | SELL | qty=49558.29 entry=4119.90982 sl=4124.08843 tp=4109.63314
2025-11-18 21:48:07 | INFO | trades | CLOSE | SELL | qty=49558.29 exit=4109.63314 pnl=50929.46 R=0.00
2025-11-18 21:48:07 | INFO | trades | OPEN | BUY | qty=60877.04 entry=4107.36516 sl=4104.81086 tp=4119.08829
2025-11-18 21:48:07 | INFO | trades | CLOSE | BUY | qty=60877.04 exit=4104.81086 pnl=-15549.84 R=-1.00
2025-11-18 21:48:07 | INFO | trades | OPEN | BUY | qty=27049.30 entry=4065.52012 sl=4060.73896 tp=4091.14707
2025-11-18 21:48:07 | INFO | trades | CLOSE | BUY | qty=27049.30 exit=4060.73896 pnl=-12932.68 R=-1.00
2025-11-18 21:48:07 | INFO | trades | OPEN | SELL | qty=46359.37 entry=3991.91483 sl=3995.02011 tp=3978.11479
2025-11-18 21:48:07 | INFO | trades | CLOSE | SELL | qty=46359.37 exit=3978.11479 pnl=63976.11 R=0.00
2025-11-18 21:48:08 | INFO | trades | OPEN | BUY | qty=17414.55 entry=3969.34017 sl=3963.02004 tp=4019.04493
2025-11-18 21:48:08 | INFO | trades | CLOSE | BUY | qty=17414.55 exit=3969.34017 pnl=0.00 R=0.00
2025-11-18 21:48:08 | INFO | trades | OPEN | BUY | qty=13002.11 entry=3975.38014 sl=3962.74243 tp=4037.78014
2025-11-18 21:48:08 | INFO | trades | CLOSE | BUY | qty=13002.11 exit=3962.74243 pnl=-16431.69 R=-1.00
2025-11-18 21:48:08 | INFO | trades | OPEN | SELL | qty=30661.40 entry=3963.11988 sl=3972.82079 tp=3942.60843
2025-11-18 21:48:08 | INFO | trades | CLOSE | SELL | qty=30661.40 exit=3963.11988 pnl=-0.00 R=0.00
2025-11-18 21:48:08 | INFO | trades | OPEN | BUY | qty=54544.19 entry=3953.96517 sl=3950.22882 tp=3967.21236
2025-11-18 21:48:08 | INFO | trades | CLOSE | BUY | qty=54544.19 exit=3967.21236 pnl=72255.71 R=0.00
2025-11-18 21:48:08 | INFO | trades | OPEN | SELL | qty=30006.28 entry=3967.86483 sl=3970.17368 tp=3932.07764
2025-11-18 21:48:08 | INFO | trades | CLOSE | SELL | qty=30006.28 exit=3970.17368 pnl=-6928.01 R=-1.00
2025-11-18 21:48:08 | INFO | trades | OPEN | SELL | qty=54108.80 entry=3939.39989 sl=3942.99907 tp=3922.25686
2025-11-18 21:48:08 | INFO | trades | CLOSE | SELL | qty=54108.80 exit=3942.99907 pnl=-19474.75 R=-1.00
2025-11-18 21:48:08 | INFO | trades | OPEN | SELL | qty=39428.25 entry=3995.84989 sl=4004.45450 tp=3977.47100
2025-11-18 21:48:08 | INFO | trades | CLOSE | SELL | qty=39428.25 exit=4004.45450 pnl=-33926.49 R=-1.00
2025-11-18 21:48:09 | INFO | trades | OPEN | BUY | qty=127986.33 entry=4001.29510 sl=3997.54418 tp=4005.06164
2025-11-18 21:48:09 | INFO | trades | CLOSE | BUY | qty=127986.33 exit=4005.06164 pnl=48206.58 R=1.00
2025-11-18 21:48:09 | INFO | trades | OPEN | BUY | qty=62813.94 entry=4008.06014 sl=4001.22682 tp=4018.84636
2025-11-18 21:48:09 | INFO | trades | CLOSE | BUY | qty=62813.94 exit=4018.84636 pnl=67752.49 R=0.00
2025-11-18 21:48:09 | INFO | trades | OPEN | SELL | qty=45638.92 entry=4020.06485 sl=4022.99793 tp=3994.29414
2025-11-18 21:48:09 | INFO | trades | CLOSE | SELL | qty=45638.92 exit=4020.06485 pnl=-0.00 R=0.00
2025-11-18 21:48:09 | INFO | trades | OPEN | BUY | qty=28364.40 entry=4000.87518 sl=3992.35500 tp=4038.54000
2025-11-18 21:48:09 | INFO | trades | CLOSE | BUY | qty=28364.40 exit=4000.87518 pnl=0.00 R=0.00
2025-11-18 21:48:09 | INFO | trades | OPEN | BUY | qty=46679.85 entry=3984.56013 sl=3981.72043 tp=4009.78414
2025-11-18 21:48:09 | INFO | trades | CLOSE | BUY | qty=46679.85 exit=3981.72043 pnl=-13255.70 R=-1.00
2025-11-18 21:48:09 | INFO | trades | OPEN | SELL | qty=72968.76 entry=3969.89485 sl=3974.18268 tp=3956.77464
2025-11-18 21:48:09 | INFO | trades | CLOSE | SELL | qty=72968.76 exit=3974.18268 pnl=-31287.75 R=-1.00
2025-11-18 21:48:09 | INFO | trades | OPEN | SELL | qty=116513.59 entry=3989.14490 sl=3990.56050 tp=3980.46400
2025-11-18 21:48:09 | INFO | trades | CLOSE | SELL | qty=116513.59 exit=3989.14490 pnl=-0.00 R=0.00
2025-11-18 21:48:09 | INFO | trades | OPEN | SELL | qty=51258.84 entry=3988.78487 sl=3990.75493 tp=3967.80514
2025-11-18 21:48:09 | INFO | trades | CLOSE | SELL | qty=51258.84 exit=3988.78487 pnl=-0.00 R=0.00
2025-11-18 21:48:09 | INFO | trades | OPEN | SELL | qty=49090.98 entry=3988.66986 sl=3991.09275 tp=3967.12950
2025-11-18 21:48:09 | INFO | trades | CLOSE | SELL | qty=49090.98 exit=3988.66986 pnl=-0.00 R=0.00
2025-11-18 21:48:10 | INFO | trades | OPEN | BUY | qty=65750.09 entry=4009.27514 sl=4006.93611 tp=4024.82779
2025-11-18 21:48:10 | INFO | trades | CLOSE | BUY | qty=65750.09 exit=4006.93611 pnl=-15379.17 R=-1.00
2025-11-18 21:48:10 | INFO | trades | OPEN | SELL | qty=77198.37 entry=3997.94989 sl=3999.12025 tp=3984.47950
2025-11-18 21:48:10 | INFO | trades | CLOSE | SELL | qty=77198.37 exit=3997.94989 pnl=-0.00 R=0.00
2025-11-18 21:48:10 | INFO | trades | OPEN | SELL | qty=79956.68 entry=3996.52990 sl=3998.95189 tp=3984.81621
2025-11-18 21:48:10 | INFO | trades | CLOSE | SELL | qty=79956.68 exit=3996.52990 pnl=-0.00 R=0.00
2025-11-18 21:48:10 | INFO | trades | OPEN | BUY | qty=82152.26 entry=3996.37516 sl=3993.15404 tp=4006.91193
2025-11-18 21:48:10 | INFO | trades | CLOSE | BUY | qty=82152.26 exit=3993.15404 pnl=-26462.24 R=-1.00
2025-11-18 21:48:10 | INFO | trades | OPEN | SELL | qty=53802.21 entry=4053.00983 sl=4057.30561 tp=4037.77379
2025-11-18 21:48:10 | INFO | trades | CLOSE | SELL | qty=53802.21 exit=4057.30561 pnl=-23112.24 R=-1.00
2025-11-18 21:48:10 | INFO | trades | OPEN | BUY | qty=21363.50 entry=4141.92013 sl=4129.15043 tp=4175.09414
2025-11-18 21:48:10 | INFO | trades | CLOSE | BUY | qty=21363.50 exit=4129.15043 pnl=-27280.55 R=-1.00
2025-11-18 21:48:11 | INFO | trades | OPEN | SELL | qty=74414.30 entry=4108.48985 sl=4113.09004 tp=4100.99993
2025-11-18 21:48:11 | INFO | trades | CLOSE | SELL | qty=74414.30 exit=4100.99993 pnl=55735.74 R=1.63
2025-11-18 21:48:11 | INFO | trades | OPEN | BUY | qty=51343.11 entry=4104.90016 sl=4101.21350 tp=4121.99300
2025-11-18 21:48:11 | INFO | trades | CLOSE | BUY | qty=51343.11 exit=4104.90016 pnl=0.00 R=0.00
2025-11-18 21:48:11 | INFO | trades | OPEN | BUY | qty=33172.27 entry=4107.76014 sl=4098.30936 tp=4130.47129
2025-11-18 21:48:11 | INFO | trades | CLOSE | BUY | qty=33172.27 exit=4130.47129 pnl=75338.03 R=0.00
2025-11-18 21:48:11 | INFO | trades | OPEN | BUY | qty=30748.78 entry=4124.58511 sl=4111.70429 tp=4153.75143
2025-11-18 21:48:11 | INFO | trades | CLOSE | BUY | qty=30748.78 exit=4124.58511 pnl=0.00 R=0.00
2025-11-18 21:48:11 | INFO | trades | OPEN | BUY | qty=55020.04 entry=4125.33017 sl=4122.66711 tp=4146.16579
2025-11-18 21:48:11 | INFO | trades | CLOSE | BUY | qty=55020.04 exit=4125.33017 pnl=0.00 R=0.00
2025-11-18 21:48:11 | INFO | trades | OPEN | BUY | qty=37771.03 entry=4126.06012 sl=4122.18504 tp=4156.41493
2025-11-18 21:48:11 | INFO | trades | CLOSE | BUY | qty=37771.03 exit=4126.06012 pnl=0.00 R=0.00
2025-11-18 21:48:11 | INFO | trades | OPEN | SELL | qty=38908.27 entry=4209.38989 sl=4220.15646 tp=4186.92707
2025-11-18 21:48:11 | INFO | trades | CLOSE | SELL | qty=38908.27 exit=4220.15646 pnl=-41890.87 R=-1.00
2025-11-18 21:48:11 | INFO | trades | OPEN | SELL | qty=74184.76 entry=4200.78983 sl=4204.70468 tp=4188.97064
2025-11-18 21:48:11 | INFO | trades | CLOSE | SELL | qty=74184.76 exit=4188.97064 pnl=87680.32 R=0.00
2025-11-18 21:48:12 | INFO | trades | OPEN | BUY | qty=42383.52 entry=4186.78510 sl=4183.52139 tp=4217.26721
2025-11-18 21:48:12 | INFO | trades | CLOSE | BUY | qty=42383.52 exit=4186.78510 pnl=0.00 R=0.00
2025-11-18 21:48:12 | INFO | trades | OPEN | SELL | qty=60439.51 entry=4191.36982 sl=4197.36814 tp=4173.70371
2025-11-18 21:48:12 | INFO | trades | CLOSE | SELL | qty=60439.51 exit=4173.70371 pnl=106773.09 R=0.00
2025-11-18 21:48:12 | INFO | trades | OPEN | SELL | qty=46365.02 entry=4169.25488 sl=4181.20554 tp=4143.44893
2025-11-18 21:48:12 | INFO | trades | CLOSE | SELL | qty=46365.02 exit=4143.44893 pnl=119649.34 R=0.00
2025-11-18 21:48:12 | INFO | trades | OPEN | BUY | qty=34324.75 entry=4145.69010 sl=4141.87396 tp=4203.33207
2025-11-18 21:48:12 | INFO | trades | CLOSE | BUY | qty=34324.75 exit=4145.69010 pnl=0.00 R=0.00
2025-11-18 21:48:12 | INFO | trades | OPEN | BUY | qty=49120.78 entry=4143.93017 sl=4135.48971 tp=4178.43557
2025-11-18 21:48:12 | INFO | trades | CLOSE | BUY | qty=49120.78 exit=4135.48971 pnl=-41460.16 R=-1.00
2025-11-18 21:48:12 | INFO | trades | OPEN | BUY | qty=98635.04 entry=4077.20516 sl=4075.12125 tp=4095.24750
2025-11-18 21:48:12 | INFO | trades | CLOSE | BUY | qty=98635.04 exit=4075.12125 pnl=-20554.66 R=-1.00
2025-11-18 21:48:12 | INFO | trades | OPEN | SELL | qty=71221.41 entry=4011.04982 sl=4018.87239 tp=3991.86521
2025-11-18 21:48:12 | INFO | trades | CLOSE | SELL | qty=71221.41 exit=4018.87239 pnl=-55713.46 R=-1.00
2025-11-18 21:48:12 | INFO | trades | OPEN | SELL | qty=21250000.00 entry=1.16665 sl=1.16693 tp=1.16620
2025-11-18 21:48:12 | INFO | trades | CLOSE | SELL | qty=21250000.00 exit=1.16693 pnl=-5787.64 R=-1.00
2025-11-18 21:48:13 | INFO | trades | OPEN | SELL | qty=21250000.00 entry=1.16692 sl=1.16723 tp=1.16560
2025-11-18 21:48:13 | INFO | trades | CLOSE | SELL | qty=21250000.00 exit=1.16723 pnl=-6503.26 R=-1.00
2025-11-18 21:48:13 | INFO | trades | OPEN | BUY | qty=21250000.00 entry=1.16334 sl=1.16316 tp=1.16384
2025-11-18 21:48:13 | INFO | trades | CLOSE | BUY | qty=21250000.00 exit=1.16334 pnl=0.00 R=0.00
2025-11-18 21:48:13 | INFO | trades | OPEN | SELL | qty=21250000.00 entry=1.16323 sl=1.16356 tp=1.16285
2025-11-18 21:48:13 | INFO | trades | CLOSE | SELL | qty=21250000.00 exit=1.16356 pnl=-6914.60 R=-1.00
2025-11-18 21:48:13 | INFO | trades | OPEN | BUY | qty=21250000.00 entry=1.16090 sl=1.16063 tp=1.16123
2025-11-18 21:48:13 | INFO | trades | CLOSE | BUY | qty=21250000.00 exit=1.16063 pnl=-5776.96 R=-1.00
2025-11-18 21:48:13 | INFO | trades | OPEN | BUY | qty=21250000.00 entry=1.16087 sl=1.16057 tp=1.16129
2025-11-18 21:48:13 | INFO | trades | CLOSE | BUY | qty=21250000.00 exit=1.16057 pnl=-6423.57 R=-1.00
2025-11-18 21:48:13 | INFO | trades | OPEN | BUY | qty=21250000.00 entry=1.15929 sl=1.15904 tp=1.16013
2025-11-18 21:48:13 | INFO | trades | CLOSE | BUY | qty=21250000.00 exit=1.16013 pnl=17793.82 R=0.00
2025-11-18 21:48:13 | INFO | trades | OPEN | SELL | qty=21250000.00 entry=1.16009 sl=1.16039 tp=1.15896
2025-11-18 21:48:13 | INFO | trades | CLOSE | SELL | qty=21250000.00 exit=1.16039 pnl=-6315.80 R=-1.00
2025-11-18 21:48:13 | INFO | trades | OPEN | SELL | qty=21250000.00 entry=1.16073 sl=1.16109 tp=1.16019
2025-11-18 21:48:13 | INFO | trades | CLOSE | SELL | qty=21250000.00 exit=1.16019 pnl=11499.29 R=0.00
2025-11-18 21:48:14 | INFO | trades | OPEN | BUY | qty=21250000.00 entry=1.16053 sl=1.16032 tp=1.16175
2025-11-18 21:48:14 | INFO | trades | CLOSE | BUY | qty=21250000.00 exit=1.16032 pnl=-4547.50 R=-1.00
2025-11-18 21:48:14 | INFO | trades | OPEN | SELL | qty=21250000.00 entry=1.16031 sl=1.16072 tp=1.15949
2025-11-18 21:48:14 | INFO | trades | CLOSE | SELL | qty=21250000.00 exit=1.16072 pnl=-8703.39 R=-1.00
2025-11-18 21:48:14 | INFO | trades | OPEN | BUY | qty=21250000.00 entry=1.16276 sl=1.16247 tp=1.16343
2025-11-18 21:48:14 | INFO | trades | CLOSE | BUY | qty=21250000.00 exit=1.16247 pnl=-6196.68 R=-1.00
2025-11-18 21:48:14 | INFO | trades | OPEN | SELL | qty=21250000.00 entry=1.16587 sl=1.16615 tp=1.16542
2025-11-18 21:48:14 | INFO | trades | CLOSE | SELL | qty=21250000.00 exit=1.16615 pnl=-6016.03 R=-1.00
2025-11-18 21:48:14 | INFO | trades | OPEN | BUY | qty=21250000.00 entry=1.16375 sl=1.16363 tp=1.16439
2025-11-18 21:48:14 | INFO | trades | CLOSE | BUY | qty=21250000.00 exit=1.16363 pnl=-2612.23 R=-1.00
2025-11-18 21:48:14 | INFO | trades | OPEN | BUY | qty=21250000.00 entry=1.16372 sl=1.16354 tp=1.16456
2025-11-18 21:48:14 | INFO | trades | CLOSE | BUY | qty=21250000.00 exit=1.16354 pnl=-3873.57 R=-1.00
2025-11-18 21:48:14 | INFO | trades | OPEN | SELL | qty=19174620.14 entry=1.16135 sl=1.16204 tp=1.15954
2025-11-18 21:48:14 | INFO | trades | CLOSE | SELL | qty=19174620.14 exit=1.16204 pnl=-13181.87 R=-1.00
2025-11-18 21:48:14 | INFO | trades | OPEN | BUY | qty=21250000.00 entry=1.15695 sl=1.15661 tp=1.15830
2025-11-18 21:48:14 | INFO | trades | CLOSE | BUY | qty=21250000.00 exit=1.15695 pnl=0.00 R=0.00
2025-11-18 21:48:15 | INFO | trades | OPEN | BUY | qty=21250000.00 entry=1.15693 sl=1.15661 tp=1.15797
2025-11-18 21:48:15 | INFO | trades | CLOSE | BUY | qty=21250000.00 exit=1.15693 pnl=0.00 R=0.00
2025-11-18 21:48:15 | INFO | trades | OPEN | SELL | qty=21250000.00 entry=1.15680 sl=1.15739 tp=1.15575
2025-11-18 21:48:15 | INFO | trades | CLOSE | SELL | qty=21250000.00 exit=1.15575 pnl=22341.34 R=0.00
2025-11-18 21:48:15 | INFO | trades | OPEN | SELL | qty=21250000.00 entry=1.15689 sl=1.15728 tp=1.15590
2025-11-18 21:48:15 | INFO | trades | CLOSE | SELL | qty=21250000.00 exit=1.15728 pnl=-8357.60 R=-1.00
2025-11-18 21:48:15 | INFO | trades | OPEN | BUY | qty=21250000.00 entry=1.15348 sl=1.15315 tp=1.15407
2025-11-18 21:48:15 | INFO | trades | CLOSE | BUY | qty=21250000.00 exit=1.15407 pnl=12613.39 R=1.82
2025-11-18 21:48:15 | INFO | trades | OPEN | SELL | qty=21250000.00 entry=1.15391 sl=1.15415 tp=1.15259
2025-11-18 21:48:15 | INFO | trades | CLOSE | SELL | qty=21250000.00 exit=1.15391 pnl=-0.00 R=0.00
2025-11-18 21:48:15 | INFO | trades | OPEN | BUY | qty=21250000.00 entry=1.15383 sl=1.15338 tp=1.15481
2025-11-18 21:48:15 | INFO | trades | CLOSE | BUY | qty=21250000.00 exit=1.15338 pnl=-9572.11 R=-1.00
2025-11-18 21:48:15 | INFO | trades | OPEN | BUY | qty=21250000.00 entry=1.15100 sl=1.15078 tp=1.15239
2025-11-18 21:48:15 | INFO | trades | CLOSE | BUY | qty=21250000.00 exit=1.15078 pnl=-4720.54 R=-1.00
2025-11-18 21:48:15 | INFO | trades | OPEN | BUY | qty=21250000.00 entry=1.15111 sl=1.15078 tp=1.15239
2025-11-18 21:48:15 | INFO | trades | CLOSE | BUY | qty=21250000.00 exit=1.15239 pnl=27305.17 R=0.00
2025-11-18 21:48:16 | INFO | trades | OPEN | SELL | qty=21250000.00 entry=1.15227 sl=1.15263 tp=1.15045
2025-11-18 21:48:16 | INFO | trades | CLOSE | SELL | qty=21250000.00 exit=1.15263 pnl=-7650.18 R=-1.00
2025-11-18 21:48:16 | INFO | trades | OPEN | SELL | qty=21250000.00 entry=1.14904 sl=1.14921 tp=1.14869
2025-11-18 21:48:16 | INFO | trades | CLOSE | SELL | qty=21250000.00 exit=1.14921 pnl=-3681.56 R=-1.00
2025-11-18 21:48:16 | INFO | trades | OPEN | SELL | qty=21250000.00 entry=1.14911 sl=1.14938 tp=1.14867
2025-11-18 21:48:16 | INFO | trades | CLOSE | SELL | qty=21250000.00 exit=1.14938 pnl=-5763.30 R=-1.00
2025-11-18 21:48:16 | INFO | trades | OPEN | BUY | qty=21250000.00 entry=1.15069 sl=1.15036 tp=1.15129
2025-11-18 21:48:16 | INFO | trades | CLOSE | BUY | qty=21250000.00 exit=1.15036 pnl=-7042.86 R=-1.00
2025-11-18 21:48:16 | INFO | trades | OPEN | SELL | qty=21250000.00 entry=1.15360 sl=1.15385 tp=1.15302
2025-11-18 21:48:16 | INFO | trades | CLOSE | SELL | qty=21250000.00 exit=1.15385 pnl=-5336.03 R=-1.00
2025-11-18 21:48:16 | INFO | trades | OPEN | SELL | qty=21250000.00 entry=1.15364 sl=1.15385 tp=1.15303
2025-11-18 21:48:16 | INFO | trades | CLOSE | SELL | qty=21250000.00 exit=1.15303 pnl=13033.84 R=0.00
2025-11-18 21:48:17 | INFO | trades | OPEN | BUY | qty=21250000.00 entry=1.15331 sl=1.15304 tp=1.15459
2025-11-18 21:48:17 | INFO | trades | CLOSE | BUY | qty=21250000.00 exit=1.15331 pnl=0.00 R=0.00
2025-11-18 21:48:17 | INFO | trades | OPEN | SELL | qty=21250000.00 entry=1.15389 sl=1.15433 tp=1.15289
2025-11-18 21:48:17 | INFO | trades | CLOSE | SELL | qty=21250000.00 exit=1.15433 pnl=-9368.20 R=-1.00
2025-11-18 21:48:17 | INFO | trades | OPEN | SELL | qty=21250000.00 entry=1.15602 sl=1.15626 tp=1.15450
2025-11-18 21:48:17 | INFO | trades | CLOSE | SELL | qty=21250000.00 exit=1.15602 pnl=-0.00 R=0.00
2025-11-18 21:48:17 | INFO | trades | OPEN | SELL | qty=21250000.00 entry=1.15624 sl=1.15637 tp=1.15493
2025-11-18 21:48:17 | INFO | trades | CLOSE | SELL | qty=21250000.00 exit=1.15637 pnl=-2744.29 R=-1.00
2025-11-18 21:48:17 | INFO | trades | OPEN | SELL | qty=21250000.00 entry=1.15635 sl=1.15651 tp=1.15465
2025-11-18 21:48:17 | INFO | trades | CLOSE | SELL | qty=21250000.00 exit=1.15651 pnl=-3379.51 R=-1.00
2025-11-18 21:48:17 | INFO | trades | OPEN | SELL | qty=21250000.00 entry=1.15589 sl=1.15616 tp=1.15528
2025-11-18 21:48:17 | INFO | trades | CLOSE | SELL | qty=21250000.00 exit=1.15616 pnl=-5903.41 R=-1.00
2025-11-18 21:48:17 | INFO | trades | OPEN | SELL | qty=21250000.00 entry=1.15619 sl=1.15649 tp=1.15566
2025-11-18 21:48:17 | INFO | trades | CLOSE | SELL | qty=21250000.00 exit=1.15649 pnl=-6452.35 R=-1.00
2025-11-18 21:48:18 | INFO | trades | OPEN | BUY | qty=21250000.00 entry=1.15723 sl=1.15697 tp=1.15867
2025-11-18 21:48:18 | INFO | trades | CLOSE | BUY | qty=21250000.00 exit=1.15867 pnl=30698.66 R=0.00
2025-11-18 21:48:18 | INFO | trades | OPEN | SELL | qty=21250000.00 entry=1.15840 sl=1.15875 tp=1.15818
2025-11-18 21:48:18 | INFO | trades | CLOSE | SELL | qty=21250000.00 exit=1.15875 pnl=-7476.21 R=-1.00
2025-11-18 21:48:18 | INFO | trades | OPEN | BUY | qty=21250000.00 entry=1.15907 sl=1.15874 tp=1.15957
2025-11-18 21:48:18 | INFO | trades | CLOSE | BUY | qty=21250000.00 exit=1.15874 pnl=-7067.90 R=-1.00
2025-11-18 21:48:18 | INFO | trades | OPEN | SELL | qty=21250000.00 entry=1.16418 sl=1.16444 tp=1.16335
2025-11-18 21:48:18 | INFO | trades | CLOSE | SELL | qty=21250000.00 exit=1.16444 pnl=-5409.66 R=-1.00
2025-11-18 21:48:18 | INFO | trades | OPEN | SELL | qty=21250000.00 entry=1.16424 sl=1.16447 tp=1.16329
2025-11-18 21:48:18 | INFO | trades | CLOSE | SELL | qty=21250000.00 exit=1.16447 pnl=-4860.18 R=-1.00
2025-11-18 21:48:18 | INFO | trades | OPEN | SELL | qty=21250000.00 entry=1.16014 sl=1.16044 tp=1.15921
2025-11-18 21:48:18 | INFO | trades | CLOSE | SELL | qty=21250000.00 exit=1.16044 pnl=-6405.36 R=-1.00
2025-11-18 21:48:19 | INFO | trades | OPEN | BUY | qty=12689318.52 entry=1.16005 sl=1.15886 tp=1.16220
2025-11-18 21:48:19 | INFO | trades | CLOSE | BUY | qty=12689318.52 exit=1.15886 pnl=-15139.26 R=-1.00
2025-11-18 21:48:19 | INFO | trades | OPEN | SELL | qty=15300000.00 entry=1.34393 sl=1.34418 tp=1.34291
2025-11-18 21:48:19 | INFO | trades | CLOSE | SELL | qty=15300000.00 exit=1.34393 pnl=-0.00 R=0.00
2025-11-18 21:48:19 | INFO | trades | OPEN | BUY | qty=15300000.00 entry=1.34392 sl=1.34363 tp=1.34443
2025-11-18 21:48:19 | INFO | trades | CLOSE | BUY | qty=15300000.00 exit=1.34392 pnl=0.00 R=0.00
2025-11-18 21:48:19 | INFO | trades | OPEN | SELL | qty=15300000.00 entry=1.34326 sl=1.34419 tp=1.34251
2025-11-18 21:48:19 | INFO | trades | CLOSE | SELL | qty=15300000.00 exit=1.34251 pnl=11408.99 R=0.80
2025-11-18 21:48:19 | INFO | trades | OPEN | SELL | qty=15300000.00 entry=1.34282 sl=1.34351 tp=1.34017
2025-11-18 21:48:19 | INFO | trades | CLOSE | SELL | qty=15300000.00 exit=1.34351 pnl=-10451.24 R=-1.00
2025-11-18 21:48:20 | INFO | trades | OPEN | BUY | qty=15300000.00 entry=1.33921 sl=1.33889 tp=1.34089
2025-11-18 21:48:20 | INFO | trades | CLOSE | BUY | qty=15300000.00 exit=1.33889 pnl=-4919.56 R=-1.00
2025-11-18 21:48:20 | INFO | trades | OPEN | BUY | qty=15300000.00 entry=1.33920 sl=1.33887 tp=1.34093
2025-11-18 21:48:20 | INFO | trades | CLOSE | BUY | qty=15300000.00 exit=1.33887 pnl=-5088.34 R=-1.00
2025-11-18 21:48:20 | INFO | trades | OPEN | SELL | qty=15300000.00 entry=1.33742 sl=1.33782 tp=1.33633
2025-11-18 21:48:20 | INFO | trades | CLOSE | SELL | qty=15300000.00 exit=1.33782 pnl=-6132.45 R=-1.00
2025-11-18 21:48:20 | INFO | trades | OPEN | BUY | qty=15300000.00 entry=1.33324 sl=1.33292 tp=1.33373
2025-11-18 21:48:20 | INFO | trades | CLOSE | BUY | qty=15300000.00 exit=1.33373 pnl=7482.73 R=0.00
2025-11-18 21:48:20 | INFO | trades | OPEN | SELL | qty=15300000.00 entry=1.33367 sl=1.33405 tp=1.33234
2025-11-18 21:48:20 | INFO | trades | CLOSE | SELL | qty=15300000.00 exit=1.33405 pnl=-5802.52 R=-1.00
2025-11-18 21:48:21 | INFO | trades | OPEN | SELL | qty=15300000.00 entry=1.33392 sl=1.33420 tp=1.33320
2025-11-18 21:48:21 | INFO | trades | CLOSE | SELL | qty=15300000.00 exit=1.33420 pnl=-4176.88 R=-1.00
2025-11-18 21:48:21 | INFO | trades | OPEN | SELL | qty=15300000.00 entry=1.33239 sl=1.33265 tp=1.33115
2025-11-18 21:48:21 | INFO | trades | CLOSE | SELL | qty=15300000.00 exit=1.33115 pnl=18903.15 R=0.00
2025-11-18 21:48:21 | INFO | trades | OPEN | BUY | qty=15300000.00 entry=1.33164 sl=1.33139 tp=1.33306
2025-11-18 21:48:21 | INFO | trades | CLOSE | BUY | qty=15300000.00 exit=1.33306 pnl=21698.68 R=0.00
2025-11-18 21:48:21 | INFO | trades | OPEN | SELL | qty=15300000.00 entry=1.33206 sl=1.33286 tp=1.33017
2025-11-18 21:48:21 | INFO | trades | CLOSE | SELL | qty=15300000.00 exit=1.33206 pnl=-0.00 R=0.00
2025-11-18 21:48:21 | INFO | trades | OPEN | SELL | qty=15300000.00 entry=1.33176 sl=1.33327 tp=1.32952
2025-11-18 21:48:21 | INFO | trades | CLOSE | SELL | qty=15300000.00 exit=1.33176 pnl=-0.00 R=0.00
2025-11-18 21:48:21 | INFO | trades | OPEN | SELL | qty=5010943.22 entry=1.33448 sl=1.33603 tp=1.32268
2025-11-18 21:48:21 | INFO | trades | CLOSE | SELL | qty=5010943.22 exit=1.33448 pnl=-0.00 R=0.00
2025-11-18 21:48:21 | INFO | trades | OPEN | SELL | qty=15300000.00 entry=1.33425 sl=1.33464 tp=1.33189
2025-11-18 21:48:21 | INFO | trades | CLOSE | SELL | qty=15300000.00 exit=1.33464 pnl=-5962.26 R=-1.00
2025-11-18 21:48:21 | INFO | trades | OPEN | SELL | qty=15300000.00 entry=1.33463 sl=1.33493 tp=1.33270
2025-11-18 21:48:21 | INFO | trades | CLOSE | SELL | qty=15300000.00 exit=1.33493 pnl=-4550.11 R=-1.00
2025-11-18 21:48:22 | INFO | trades | OPEN | SELL | qty=15300000.00 entry=1.33553 sl=1.33578 tp=1.33414
2025-11-18 21:48:22 | INFO | trades | CLOSE | SELL | qty=15300000.00 exit=1.33578 pnl=-3781.83 R=-1.00
2025-11-18 21:48:22 | INFO | trades | OPEN | SELL | qty=15300000.00 entry=1.33606 sl=1.33647 tp=1.33290
2025-11-18 21:48:22 | INFO | trades | CLOSE | SELL | qty=15300000.00 exit=1.33647 pnl=-6270.30 R=-1.00
2025-11-18 21:48:22 | INFO | trades | OPEN | BUY | qty=15300000.00 entry=1.32538 sl=1.32502 tp=1.32758
2025-11-18 21:48:22 | INFO | trades | CLOSE | BUY | qty=15300000.00 exit=1.32502 pnl=-5486.14 R=-1.00
2025-11-18 21:48:22 | INFO | trades | OPEN | BUY | qty=15300000.00 entry=1.32511 sl=1.32489 tp=1.32732
2025-11-18 21:48:22 | INFO | trades | CLOSE | BUY | qty=15300000.00 exit=1.32489 pnl=-3388.95 R=-1.00
2025-11-18 21:48:22 | INFO | trades | OPEN | BUY | qty=15300000.00 entry=1.32059 sl=1.31960 tp=1.32207
2025-11-18 21:48:22 | INFO | trades | CLOSE | BUY | qty=15300000.00 exit=1.32059 pnl=0.00 R=0.00
2025-11-18 21:48:22 | INFO | trades | OPEN | BUY | qty=15300000.00 entry=1.32069 sl=1.32027 tp=1.32256
2025-11-18 21:48:22 | INFO | trades | CLOSE | BUY | qty=15300000.00 exit=1.32027 pnl=-6521.95 R=-1.00
2025-11-18 21:48:22 | INFO | trades | OPEN | BUY | qty=15300000.00 entry=1.31542 sl=1.31504 tp=1.31756
2025-11-18 21:48:22 | INFO | trades | CLOSE | BUY | qty=15300000.00 exit=1.31504 pnl=-5814.00 R=-1.00
2025-11-18 21:48:22 | INFO | trades | OPEN | BUY | qty=15300000.00 entry=1.31504 sl=1.31475 tp=1.31665
2025-11-18 21:48:22 | INFO | trades | CLOSE | BUY | qty=15300000.00 exit=1.31504 pnl=0.00 R=0.00
2025-11-18 21:48:22 | INFO | trades | OPEN | BUY | qty=15300000.00 entry=1.31516 sl=1.31472 tp=1.31544
2025-11-18 21:48:22 | INFO | trades | CLOSE | BUY | qty=15300000.00 exit=1.31472 pnl=-6736.94 R=-1.00
2025-11-18 21:48:23 | INFO | trades | OPEN | BUY | qty=15300000.00 entry=1.31430 sl=1.31370 tp=1.31547
2025-11-18 21:48:23 | INFO | trades | CLOSE | BUY | qty=15300000.00 exit=1.31430 pnl=0.00 R=0.00
2025-11-18 21:48:23 | INFO | trades | OPEN | BUY | qty=15300000.00 entry=1.31467 sl=1.31411 tp=1.31576
2025-11-18 21:48:23 | INFO | trades | CLOSE | BUY | qty=15300000.00 exit=1.31411 pnl=-8523.53 R=-1.00
2025-11-18 21:48:23 | INFO | trades | OPEN | BUY | qty=15300000.00 entry=1.31239 sl=1.31213 tp=1.31400
2025-11-18 21:48:23 | INFO | trades | CLOSE | BUY | qty=15300000.00 exit=1.31213 pnl=-4043.37 R=-1.00
2025-11-18 21:48:23 | INFO | trades | OPEN | BUY | qty=15300000.00 entry=1.31225 sl=1.31201 tp=1.31299
2025-11-18 21:48:23 | INFO | trades | CLOSE | BUY | qty=15300000.00 exit=1.31201 pnl=-3604.24 R=-1.00
2025-11-18 21:48:23 | INFO | trades | OPEN | SELL | qty=15300000.00 entry=1.30242 sl=1.30272 tp=1.30197
2025-11-18 21:48:23 | INFO | trades | CLOSE | SELL | qty=15300000.00 exit=1.30272 pnl=-4576.89 R=-1.00
2025-11-18 21:48:23 | INFO | trades | OPEN | SELL | qty=15300000.00 entry=1.30272 sl=1.30294 tp=1.30203
2025-11-18 21:48:23 | INFO | trades | CLOSE | SELL | qty=15300000.00 exit=1.30294 pnl=-3310.26 R=-1.00
2025-11-18 21:48:23 | INFO | trades | OPEN | BUY | qty=15300000.00 entry=1.30623 sl=1.30586 tp=1.30696
2025-11-18 21:48:23 | INFO | trades | CLOSE | BUY | qty=15300000.00 exit=1.30586 pnl=-5735.31 R=-1.00
2025-11-18 21:48:24 | INFO | trades | OPEN | BUY | qty=15300000.00 entry=1.30597 sl=1.30575 tp=1.30702
2025-11-18 21:48:24 | INFO | trades | CLOSE | BUY | qty=15300000.00 exit=1.30597 pnl=0.00 R=0.00
2025-11-18 21:48:24 | INFO | trades | OPEN | BUY | qty=15300000.00 entry=1.30586 sl=1.30556 tp=1.30691
2025-11-18 21:48:24 | INFO | trades | CLOSE | BUY | qty=15300000.00 exit=1.30556 pnl=-4622.77 R=-1.00
2025-11-18 21:48:24 | INFO | trades | OPEN | BUY | qty=9934573.74 entry=202.60017 sl=202.55631 tp=203.22737
2025-11-18 21:48:24 | INFO | trades | CLOSE | BUY | qty=9934573.74 exit=202.55631 pnl=-3920.78 R=-1.00
2025-11-18 21:48:24 | INFO | trades | OPEN | SELL | qty=10200000.00 entry=202.52438 sl=202.70554 tp=202.07391
2025-11-18 21:48:24 | INFO | trades | CLOSE | SELL | qty=10200000.00 exit=202.07391 pnl=41352.97 R=0.00
2025-11-18 21:48:24 | INFO | trades | OPEN | BUY | qty=5967812.71 entry=201.95063 sl=201.84344 tp=203.16962
2025-11-18 21:48:24 | INFO | trades | CLOSE | BUY | qty=5967812.71 exit=201.95063 pnl=0.00 R=0.00
2025-11-18 21:48:24 | INFO | trades | OPEN | BUY | qty=10200000.00 entry=202.28160 sl=202.24307 tp=202.60586
2025-11-18 21:48:24 | INFO | trades | CLOSE | BUY | qty=10200000.00 exit=202.28160 pnl=0.00 R=0.00
2025-11-18 21:48:25 | INFO | trades | OPEN | BUY | qty=5870537.19 entry=202.28612 sl=202.02961 tp=203.37777
2025-11-18 21:48:25 | INFO | trades | CLOSE | BUY | qty=5870537.19 exit=202.28612 pnl=0.00 R=0.00
2025-11-18 21:48:25 | INFO | trades | OPEN | SELL | qty=10200000.00 entry=202.88039 sl=202.94753 tp=202.35794
2025-11-18 21:48:25 | INFO | trades | CLOSE | SELL | qty=10200000.00 exit=202.94753 pnl=-6163.29 R=-1.00
2025-11-18 21:48:25 | INFO | trades | OPEN | SELL | qty=10200000.00 entry=203.03989 sl=203.09996 tp=202.73408
2025-11-18 21:48:25 | INFO | trades | CLOSE | SELL | qty=10200000.00 exit=203.09996 pnl=-5514.38 R=-1.00
2025-11-18 21:48:25 | INFO | trades | OPEN | SELL | qty=10200000.00 entry=203.11884 sl=203.14407 tp=202.64586
2025-11-18 21:48:25 | INFO | trades | CLOSE | SELL | qty=10200000.00 exit=203.11884 pnl=-0.00 R=0.00
2025-11-18 21:48:25 | INFO | trades | OPEN | SELL | qty=10200000.00 entry=203.08037 sl=203.12685 tp=202.94731
2025-11-18 21:48:25 | INFO | trades | CLOSE | SELL | qty=10200000.00 exit=203.12685 pnl=-4266.74 R=-1.00
2025-11-18 21:48:25 | INFO | trades | OPEN | BUY | qty=10200000.00 entry=203.32810 sl=203.21405 tp=203.63690
2025-11-18 21:48:25 | INFO | trades | CLOSE | BUY | qty=10200000.00 exit=203.21405 pnl=-10470.00 R=-1.00
2025-11-18 21:48:25 | INFO | trades | OPEN | BUY | qty=10200000.00 entry=203.58860 sl=203.49887 tp=203.95676
2025-11-18 21:48:25 | INFO | trades | CLOSE | BUY | qty=10200000.00 exit=203.58860 pnl=0.00 R=0.00
2025-11-18 21:48:26 | INFO | trades | OPEN | BUY | qty=10200000.00 entry=203.64267 sl=203.60247 tp=203.80205
2025-11-18 21:48:26 | INFO | trades | CLOSE | BUY | qty=10200000.00 exit=203.64267 pnl=0.00 R=0.00
2025-11-18 21:48:26 | INFO | trades | OPEN | BUY | qty=10200000.00 entry=203.65110 sl=203.53612 tp=203.95275
2025-11-18 21:48:26 | INFO | trades | CLOSE | BUY | qty=10200000.00 exit=203.65110 pnl=0.00 R=0.00
2025-11-18 21:48:26 | INFO | trades | OPEN | SELL | qty=10200000.00 entry=203.73983 sl=203.80167 tp=203.39916
2025-11-18 21:48:26 | INFO | trades | CLOSE | SELL | qty=10200000.00 exit=203.73983 pnl=-0.00 R=0.00
2025-11-18 21:48:26 | INFO | trades | OPEN | SELL | qty=10200000.00 entry=203.74337 sl=203.84396 tp=203.43607
2025-11-18 21:48:26 | INFO | trades | CLOSE | SELL | qty=10200000.00 exit=203.43607 pnl=28209.82 R=0.00
2025-11-18 21:48:26 | INFO | trades | OPEN | BUY | qty=10200000.00 entry=203.44460 sl=203.39972 tp=204.14306
2025-11-18 21:48:26 | INFO | trades | CLOSE | BUY | qty=10200000.00 exit=203.44460 pnl=0.00 R=0.00
2025-11-18 21:48:26 | INFO | trades | OPEN | SELL | qty=10200000.00 entry=203.89840 sl=203.92789 tp=203.60721
2025-11-18 21:48:26 | INFO | trades | CLOSE | SELL | qty=10200000.00 exit=203.92789 pnl=-2707.53 R=-1.00
2025-11-18 21:48:26 | INFO | trades | OPEN | SELL | qty=10200000.00 entry=203.86938 sl=203.91244 tp=203.63812
2025-11-18 21:48:26 | INFO | trades | CLOSE | SELL | qty=10200000.00 exit=203.86938 pnl=-0.00 R=0.00
2025-11-18 21:48:26 | INFO | trades | OPEN | BUY | qty=10200000.00 entry=203.86611 sl=203.77648 tp=204.04504
2025-11-18 21:48:26 | INFO | trades | CLOSE | BUY | qty=10200000.00 exit=204.04504 pnl=16426.01 R=0.00
2025-11-18 21:48:27 | INFO | trades | OPEN | SELL | qty=10200000.00 entry=203.63685 sl=203.72400 tp=203.38801
2025-11-18 21:48:27 | INFO | trades | CLOSE | SELL | qty=10200000.00 exit=203.63685 pnl=-0.00 R=0.00
2025-11-18 21:48:27 | INFO | trades | OPEN | SELL | qty=10200000.00 entry=203.69134 sl=203.76508 tp=203.43634
2025-11-18 21:48:27 | INFO | trades | CLOSE | SELL | qty=10200000.00 exit=203.76508 pnl=-6769.81 R=-1.00
2025-11-18 21:48:27 | INFO | trades | OPEN | BUY | qty=10200000.00 entry=203.37564 sl=203.33255 tp=203.88439
2025-11-18 21:48:27 | INFO | trades | CLOSE | BUY | qty=10200000.00 exit=203.37564 pnl=0.00 R=0.00
2025-11-18 21:48:27 | INFO | trades | OPEN | SELL | qty=10200000.00 entry=203.35634 sl=203.51336 tp=203.00827
2025-11-18 21:48:27 | INFO | trades | CLOSE | SELL | qty=10200000.00 exit=203.00827 pnl=31952.62 R=0.00
2025-11-18 21:48:27 | INFO | trades | OPEN | BUY | qty=9103906.80 entry=203.03116 sl=202.94405 tp=203.96240
2025-11-18 21:48:27 | INFO | trades | CLOSE | BUY | qty=9103906.80 exit=202.94405 pnl=-7137.64 R=-1.00
2025-11-18 21:48:27 | INFO | trades | OPEN | BUY | qty=10200000.00 entry=201.52812 sl=201.35469 tp=201.90763
2025-11-18 21:48:27 | INFO | trades | CLOSE | BUY | qty=10200000.00 exit=201.90763 pnl=34838.59 R=0.00
2025-11-18 21:48:28 | INFO | trades | OPEN | SELL | qty=10200000.00 entry=201.86283 sl=201.93475 tp=201.16599
2025-11-18 21:48:28 | INFO | trades | CLOSE | SELL | qty=10200000.00 exit=201.16599 pnl=63969.24 R=0.00
2025-11-18 21:48:28 | INFO | trades | OPEN | SELL | qty=10200000.00 entry=201.21389 sl=201.31830 tp=200.86140
2025-11-18 21:48:28 | INFO | trades | CLOSE | SELL | qty=10200000.00 exit=201.31830 pnl=-9584.74 R=-1.00
2025-11-18 21:48:28 | INFO | trades | OPEN | BUY | qty=3894503.97 entry=201.98263 sl=200.95430 tp=204.03740
2025-11-18 21:48:28 | INFO | trades | CLOSE | BUY | qty=3894503.97 exit=201.98263 pnl=0.00 R=0.00
2025-11-18 21:48:28 | INFO | trades | OPEN | BUY | qty=10200000.00 entry=202.03465 sl=201.95458 tp=202.89784
2025-11-18 21:48:28 | INFO | trades | CLOSE | BUY | qty=10200000.00 exit=202.03465 pnl=0.00 R=0.00
2025-11-18 21:48:28 | INFO | trades | OPEN | BUY | qty=10200000.00 entry=202.04013 sl=201.84139 tp=202.49122
2025-11-18 21:48:28 | INFO | trades | CLOSE | BUY | qty=10200000.00 exit=202.49122 pnl=41410.56 R=0.00
2025-11-18 21:48:29 | INFO | trades | OPEN | SELL | qty=10200000.00 entry=202.58082 sl=202.60370 tp=202.34061
2025-11-18 21:48:29 | INFO | trades | CLOSE | SELL | qty=10200000.00 exit=202.60370 pnl=-2099.74 R=-1.00
2025-11-18 21:48:30 | INFO | trades | OPEN | SELL | qty=10200000.00 entry=202.64935 sl=202.68393 tp=202.35714
2025-11-18 21:48:30 | INFO | trades | CLOSE | SELL | qty=10200000.00 exit=202.68393 pnl=-3174.31 R=-1.00
2025-11-18 21:48:30 | INFO | trades | OPEN | SELL | qty=10200000.00 entry=202.72186 sl=202.75053 tp=202.32744
2025-11-18 21:48:30 | INFO | trades | CLOSE | SELL | qty=10200000.00 exit=202.72186 pnl=-0.00 R=0.00
2025-11-18 21:48:30 | INFO | trades | OPEN | SELL | qty=10200000.00 entry=202.30636 sl=202.45861 tp=201.87178
2025-11-18 21:48:30 | INFO | trades | CLOSE | SELL | qty=10200000.00 exit=202.45861 pnl=-13976.79 R=-1.00
2025-11-18 21:48:30 | INFO | trades | OPEN | SELL | qty=10200000.00 entry=202.13239 sl=202.28794 tp=201.63112
2025-11-18 21:48:30 | INFO | trades | CLOSE | SELL | qty=10200000.00 exit=201.63112 pnl=46016.54 R=0.00
2025-11-18 21:48:30 | INFO | trades | OPEN | BUY | qty=10161489.62 entry=201.61367 sl=201.54357 tp=202.94885
2025-11-18 21:48:30 | INFO | trades | CLOSE | BUY | qty=10161489.62 exit=201.54357 pnl=-6410.05 R=-1.00
2025-11-18 21:48:30 | INFO | trades | OPEN | SELL | qty=10200000.00 entry=199.91884 sl=199.94828 tp=199.58744
2025-11-18 21:48:30 | INFO | trades | CLOSE | SELL | qty=10200000.00 exit=199.94828 pnl=-2702.65 R=-1.00
2025-11-18 21:48:31 | INFO | trades | OPEN | SELL | qty=10200000.00 entry=199.98283 sl=200.02103 tp=199.61894
2025-11-18 21:48:31 | INFO | trades | CLOSE | SELL | qty=10200000.00 exit=200.02103 pnl=-3506.96 R=-1.00
2025-11-18 21:48:31 | INFO | trades | OPEN | SELL | qty=10200000.00 entry=201.05683 sl=201.17666 tp=200.69767
2025-11-18 21:48:31 | INFO | trades | CLOSE | SELL | qty=10200000.00 exit=201.05683 pnl=-0.00 R=0.00
2025-11-18 21:48:31 | INFO | trades | OPEN | SELL | qty=10200000.00 entry=201.01188 sl=201.17831 tp=200.60437
2025-11-18 21:48:31 | INFO | trades | CLOSE | SELL | qty=10200000.00 exit=201.17831 pnl=-15278.25 R=-1.00
2025-11-18 21:48:31 | INFO | trades | OPEN | SELL | qty=10200000.00 entry=200.95288 sl=201.01717 tp=200.62966
2025-11-18 21:48:31 | INFO | trades | CLOSE | SELL | qty=10200000.00 exit=201.01717 pnl=-5901.33 R=-1.00
2025-11-18 21:48:31 | INFO | trades | OPEN | SELL | qty=10200000.00 entry=201.07337 sl=201.10892 tp=200.66365
2025-11-18 21:48:31 | INFO | trades | CLOSE | SELL | qty=10200000.00 exit=201.10892 pnl=-3263.82 R=-1.00
2025-11-18 21:48:32 | INFO | trades | OPEN | SELL | qty=10200000.00 entry=202.52140 sl=202.58637 tp=202.05276
2025-11-18 21:48:32 | INFO | trades | CLOSE | SELL | qty=10200000.00 exit=202.58637 pnl=-5964.10 R=-1.00
2025-11-18 21:48:32 | INFO | trades | OPEN | SELL | qty=10200000.00 entry=202.53335 sl=202.58969 tp=202.10912
2025-11-18 21:48:32 | INFO | trades | CLOSE | SELL | qty=10200000.00 exit=202.53335 pnl=-0.00 R=0.00
2025-11-18 21:48:32 | INFO | trades | OPEN | BUY | qty=10200000.00 entry=202.56810 sl=202.46496 tp=202.75307
2025-11-18 21:48:32 | INFO | trades | CLOSE | BUY | qty=10200000.00 exit=202.46496 pnl=-9467.86 R=-1.00
2025-11-18 21:48:32 | INFO | trades | OPEN | SELL | qty=10200000.00 entry=203.12785 sl=203.23529 tp=202.87742
2025-11-18 21:48:32 | INFO | trades | CLOSE | SELL | qty=10200000.00 exit=203.12785 pnl=-0.00 R=0.00
2025-11-18 21:48:32 | INFO | trades | OPEN | SELL | qty=10200000.00 entry=203.10134 sl=203.23733 tp=202.70535
2025-11-18 21:48:32 | INFO | trades | CLOSE | SELL | qty=10200000.00 exit=202.70535 pnl=36352.03 R=0.00
2025-11-18 21:48:32 | INFO | trades | OPEN | BUY | qty=10200000.00 entry=202.39864 sl=202.31307 tp=203.13036
2025-11-18 21:48:32 | INFO | trades | CLOSE | BUY | qty=10200000.00 exit=202.39864 pnl=0.00 R=0.00
2025-11-18 21:48:32 | INFO | trades | OPEN | SELL | qty=10200000.00 entry=202.60390 sl=202.68839 tp=202.29121
2025-11-18 21:48:32 | INFO | trades | CLOSE | SELL | qty=10200000.00 exit=202.68839 pnl=-7756.64 R=-1.00
2025-11-18 21:48:33 | INFO | trades | OPEN | SELL | qty=10200000.00 entry=203.18388 sl=203.21866 tp=202.69018
2025-11-18 21:48:33 | INFO | trades | CLOSE | SELL | qty=10200000.00 exit=203.21866 pnl=-3192.54 R=-1.00
2025-11-18 21:48:33 | INFO | trades | OPEN | SELL | qty=10200000.00 entry=203.22240 sl=203.26076 tp=202.73797
2025-11-18 21:48:33 | INFO | trades | CLOSE | SELL | qty=10200000.00 exit=203.22240 pnl=-0.00 R=0.00
2025-11-18 21:48:33 | INFO | trades | OPEN | SELL | qty=10200000.00 entry=203.17483 sl=203.24271 tp=202.95108
2025-11-18 21:48:33 | INFO | trades | CLOSE | SELL | qty=10200000.00 exit=203.17483 pnl=-0.00 R=0.00
2025-11-18 21:48:33 | INFO | trades | OPEN | SELL | qty=8747909.17 entry=203.10484 sl=203.59071 tp=202.06159
2025-11-18 21:48:33 | INFO | trades | CLOSE | SELL | qty=8747909.17 exit=203.59071 pnl=-38252.75 R=-1.00
2025-11-18 21:48:33 | INFO | trades | OPEN | SELL | qty=10200000.00 entry=203.51889 sl=203.57669 tp=203.13812
2025-11-18 21:48:33 | INFO | trades | CLOSE | SELL | qty=10200000.00 exit=203.51889 pnl=-0.00 R=0.00
2025-11-18 21:48:33 | INFO | trades | OPEN | BUY | qty=10200000.00 entry=203.55466 sl=203.35580 tp=204.02241
2025-11-18 21:48:33 | INFO | trades | CLOSE | BUY | qty=10200000.00 exit=203.55466 pnl=0.00 R=0.00
2025-11-18 21:48:33 | INFO | trades | OPEN | BUY | qty=10200000.00 entry=202.95664 sl=202.92302 tp=203.28896
2025-11-18 21:48:33 | INFO | trades | CLOSE | BUY | qty=10200000.00 exit=202.95664 pnl=0.00 R=0.00
2025-11-18 21:48:33 | INFO | trades | OPEN | BUY | qty=10200000.00 entry=202.97260 sl=202.92267 tp=203.28966
2025-11-18 21:48:33 | INFO | trades | CLOSE | BUY | qty=10200000.00 exit=203.28966 pnl=29106.10 R=0.00
2025-11-18 21:48:34 | INFO | trades | OPEN | SELL | qty=10200000.00 entry=203.28639 sl=203.33040 tp=202.65120
2025-11-18 21:48:34 | INFO | trades | CLOSE | SELL | qty=10200000.00 exit=203.28639 pnl=-0.00 R=0.00
2025-11-18 21:48:34 | INFO | trades | OPEN | BUY | qty=10200000.00 entry=203.50362 sl=203.31130 tp=203.91641
2025-11-18 21:48:34 | INFO | trades | CLOSE | BUY | qty=10200000.00 exit=203.31130 pnl=-17655.34 R=-1.00
2025-11-18 21:48:34 | INFO | trades | OPEN | BUY | qty=10200000.00 entry=203.37414 sl=203.27313 tp=203.57274
2025-11-18 21:48:34 | INFO | trades | CLOSE | BUY | qty=10200000.00 exit=203.57274 pnl=18232.06 R=0.00
2025-11-18 21:48:34 | INFO | trades | OPEN | SELL | qty=10200000.00 entry=203.60182 sl=203.66273 tp=203.29904
2025-11-18 21:48:34 | INFO | trades | CLOSE | SELL | qty=10200000.00 exit=203.66273 pnl=-5591.09 R=-1.00
2025-11-18 21:48:34 | INFO | trades | OPEN | SELL | qty=10200000.00 entry=203.78986 sl=203.83764 tp=203.47873
2025-11-18 21:48:34 | INFO | trades | CLOSE | SELL | qty=10200000.00 exit=203.83764 pnl=-4385.53 R=-1.00
2025-11-18 21:48:34 | INFO | trades | OPEN | SELL | qty=10200000.00 entry=204.06539 sl=204.13358 tp=203.36235
2025-11-18 21:48:34 | INFO | trades | CLOSE | SELL | qty=10200000.00 exit=204.13358 pnl=-6259.56 R=-1.00
2025-11-18 21:48:34 | INFO | trades | OPEN | BUY | qty=12750000.00 entry=150.74112 sl=150.70358 tp=151.06335
2025-11-18 21:48:34 | INFO | trades | CLOSE | BUY | qty=12750000.00 exit=150.70358 pnl=-4308.59 R=-1.00
2025-11-18 21:48:34 | INFO | trades | OPEN | SELL | qty=12207850.74 entry=150.67834 sl=150.85711 tp=150.32278
2025-11-18 21:48:34 | INFO | trades | CLOSE | SELL | qty=12207850.74 exit=150.67834 pnl=-0.00 R=0.00
2025-11-18 21:48:35 | INFO | trades | OPEN | SELL | qty=12750000.00 entry=150.66635 sl=150.70025 tp=150.38450
2025-11-18 21:48:35 | INFO | trades | CLOSE | SELL | qty=12750000.00 exit=150.66635 pnl=-0.00 R=0.00
2025-11-18 21:48:35 | INFO | trades | OPEN | BUY | qty=12750000.00 entry=150.52163 sl=150.44988 tp=150.88374
2025-11-18 21:48:35 | INFO | trades | CLOSE | BUY | qty=12750000.00 exit=150.44988 pnl=-8232.92 R=-1.00
2025-11-18 21:48:35 | INFO | trades | OPEN | BUY | qty=12750000.00 entry=151.04766 sl=150.96773 tp=151.19954
2025-11-18 21:48:35 | INFO | trades | CLOSE | BUY | qty=12750000.00 exit=151.19954 pnl=17427.81 R=0.00
2025-11-18 21:48:35 | INFO | trades | OPEN | SELL | qty=12750000.00 entry=151.13838 sl=151.17931 tp=150.97289
2025-11-18 21:48:35 | INFO | trades | CLOSE | SELL | qty=12750000.00 exit=151.17931 pnl=-4696.36 R=-1.00
2025-11-18 21:48:35 | INFO | trades | OPEN | SELL | qty=12750000.00 entry=151.15687 sl=151.24520 tp=150.84110
2025-11-18 21:48:35 | INFO | trades | CLOSE | SELL | qty=12750000.00 exit=151.15687 pnl=-0.00 R=0.00
2025-11-18 21:48:35 | INFO | trades | OPEN | SELL | qty=9824635.91 entry=151.64539 sl=151.71640 tp=151.03719
2025-11-18 21:48:35 | INFO | trades | CLOSE | SELL | qty=9824635.91 exit=151.71640 pnl=-6279.42 R=-1.00
2025-11-18 21:48:35 | INFO | trades | OPEN | SELL | qty=12750000.00 entry=151.80437 sl=151.83738 tp=151.69074
2025-11-18 21:48:35 | INFO | trades | CLOSE | SELL | qty=12750000.00 exit=151.83738 pnl=-3787.89 R=-1.00
2025-11-18 21:48:35 | INFO | trades | OPEN | SELL | qty=12750000.00 entry=151.85790 sl=151.88061 tp=151.60427
2025-11-18 21:48:35 | INFO | trades | CLOSE | SELL | qty=12750000.00 exit=151.85790 pnl=-0.00 R=0.00
2025-11-18 21:48:35 | INFO | trades | OPEN | BUY | qty=12750000.00 entry=151.79064 sl=151.68930 tp=152.09340
2025-11-18 21:48:35 | INFO | trades | CLOSE | BUY | qty=12750000.00 exit=151.79064 pnl=0.00 R=0.00
2025-11-18 21:48:36 | INFO | trades | OPEN | BUY | qty=11406005.50 entry=151.67364 sl=151.63579 tp=152.19141
2025-11-18 21:48:36 | INFO | trades | CLOSE | BUY | qty=11406005.50 exit=151.67364 pnl=0.00 R=0.00
2025-11-18 21:48:36 | INFO | trades | OPEN | SELL | qty=12750000.00 entry=152.52237 sl=152.57889 tp=152.32421
2025-11-18 21:48:36 | INFO | trades | CLOSE | SELL | qty=12750000.00 exit=152.32421 pnl=22738.75 R=0.00
2025-11-18 21:48:36 | INFO | trades | OPEN | BUY | qty=12750000.00 entry=152.33167 sl=152.31390 tp=152.61570
2025-11-18 21:48:36 | INFO | trades | CLOSE | BUY | qty=12750000.00 exit=152.33167 pnl=0.00 R=0.00
2025-11-18 21:48:36 | INFO | trades | OPEN | BUY | qty=12750000.00 entry=152.37014 sl=152.31327 tp=152.63496
2025-11-18 21:48:36 | INFO | trades | CLOSE | BUY | qty=12750000.00 exit=152.63496 pnl=30388.52 R=0.00
2025-11-18 21:48:36 | INFO | trades | OPEN | SELL | qty=12750000.00 entry=152.60333 sl=152.64379 tp=152.35041
2025-11-18 21:48:36 | INFO | trades | CLOSE | SELL | qty=12750000.00 exit=152.64379 pnl=-4643.02 R=-1.00
2025-11-18 21:48:36 | INFO | trades | OPEN | SELL | qty=12750000.00 entry=152.62689 sl=152.66793 tp=152.30214
2025-11-18 21:48:36 | INFO | trades | CLOSE | SELL | qty=12750000.00 exit=152.62689 pnl=-0.00 R=0.00
2025-11-18 21:48:36 | INFO | trades | OPEN | SELL | qty=12750000.00 entry=152.60039 sl=152.63441 tp=152.48919
2025-11-18 21:48:36 | INFO | trades | CLOSE | SELL | qty=12750000.00 exit=152.63441 pnl=-3903.24 R=-1.00
2025-11-18 21:48:36 | INFO | trades | OPEN | BUY | qty=12750000.00 entry=152.79414 sl=152.76628 tp=153.13444
2025-11-18 21:48:36 | INFO | trades | CLOSE | BUY | qty=12750000.00 exit=152.79414 pnl=0.00 R=0.00
2025-11-18 21:48:37 | INFO | trades | OPEN | BUY | qty=12750000.00 entry=152.97266 sl=152.90419 tp=153.08662
2025-11-18 21:48:37 | INFO | trades | CLOSE | BUY | qty=12750000.00 exit=152.90419 pnl=-7856.62 R=-1.00
2025-11-18 21:48:37 | INFO | trades | OPEN | SELL | qty=12750000.00 entry=153.07237 sl=153.10661 tp=152.90379
2025-11-18 21:48:37 | INFO | trades | CLOSE | SELL | qty=12750000.00 exit=153.10661 pnl=-3928.45 R=-1.00
2025-11-18 21:48:37 | INFO | trades | OPEN | SELL | qty=12750000.00 entry=153.09638 sl=153.12176 tp=152.87349
2025-11-18 21:48:37 | INFO | trades | CLOSE | SELL | qty=12750000.00 exit=153.09638 pnl=-0.00 R=0.00
2025-11-18 21:48:37 | INFO | trades | OPEN | SELL | qty=12750000.00 entry=153.11732 sl=153.13636 tp=152.84429
2025-11-18 21:48:37 | INFO | trades | CLOSE | SELL | qty=12750000.00 exit=153.13636 pnl=-2184.28 R=-1.00
2025-11-18 21:48:37 | INFO | trades | OPEN | BUY | qty=12750000.00 entry=152.27264 sl=152.23145 tp=152.69209
2025-11-18 21:48:37 | INFO | trades | CLOSE | BUY | qty=12750000.00 exit=152.23145 pnl=-4725.88 R=-1.00
2025-11-18 21:48:37 | INFO | trades | OPEN | BUY | qty=12510260.38 entry=152.19612 sl=152.11865 tp=152.69420
2025-11-18 21:48:37 | INFO | trades | CLOSE | BUY | qty=12510260.38 exit=152.11865 pnl=-8722.55 R=-1.00
2025-11-18 21:48:37 | INFO | trades | OPEN | BUY | qty=12750000.00 entry=152.07063 sl=151.90683 tp=152.37834
2025-11-18 21:48:37 | INFO | trades | CLOSE | BUY | qty=12750000.00 exit=152.37834 pnl=35309.28 R=0.00
2025-11-18 21:48:37 | INFO | trades | OPEN | SELL | qty=12750000.00 entry=152.46383 sl=152.49772 tp=152.30806
2025-11-18 21:48:37 | INFO | trades | CLOSE | SELL | qty=12750000.00 exit=152.49772 pnl=-3888.58 R=-1.00
2025-11-18 21:48:38 | INFO | trades | OPEN | SELL | qty=12750000.00 entry=152.51387 sl=152.54698 tp=152.20954
2025-11-18 21:48:38 | INFO | trades | CLOSE | SELL | qty=12750000.00 exit=152.20954 pnl=34921.16 R=0.00
2025-11-18 21:48:38 | INFO | trades | OPEN | SELL | qty=12750000.00 entry=152.35337 sl=152.38679 tp=152.22841
2025-11-18 21:48:38 | INFO | trades | CLOSE | SELL | qty=12750000.00 exit=152.38679 pnl=-3835.20 R=-1.00
2025-11-18 21:48:38 | INFO | trades | OPEN | BUY | qty=3511767.21 entry=152.99312 sl=152.13239 tp=154.69323
2025-11-18 21:48:38 | INFO | trades | CLOSE | BUY | qty=3511767.21 exit=152.99312 pnl=0.00 R=0.00
2025-11-18 21:48:38 | INFO | trades | OPEN | BUY | qty=12750000.00 entry=153.49166 sl=153.38500 tp=153.71799
2025-11-18 21:48:38 | INFO | trades | CLOSE | BUY | qty=12750000.00 exit=153.71799 pnl=25972.14 R=0.00
2025-11-18 21:48:38 | INFO | trades | OPEN | SELL | qty=12750000.00 entry=153.69836 sl=153.74419 tp=153.26062
2025-11-18 21:48:38 | INFO | trades | CLOSE | SELL | qty=12750000.00 exit=153.69836 pnl=-0.00 R=0.00
2025-11-18 21:48:38 | INFO | trades | OPEN | SELL | qty=12750000.00 entry=153.76538 sl=153.85090 tp=153.32619
2025-11-18 21:48:38 | INFO | trades | CLOSE | SELL | qty=12750000.00 exit=153.76538 pnl=-0.00 R=0.00
2025-11-18 21:48:38 | INFO | trades | OPEN | SELL | qty=12750000.00 entry=153.80835 sl=153.85438 tp=153.37924
2025-11-18 21:48:38 | INFO | trades | CLOSE | SELL | qty=12750000.00 exit=153.85438 pnl=-5282.19 R=-1.00
2025-11-18 21:48:38 | INFO | trades | OPEN | SELL | qty=12750000.00 entry=153.90438 sl=153.95105 tp=153.56089
2025-11-18 21:48:38 | INFO | trades | CLOSE | SELL | qty=12750000.00 exit=153.95105 pnl=-5355.44 R=-1.00
2025-11-18 21:48:39 | INFO | trades | OPEN | SELL | qty=12750000.00 entry=153.97936 sl=154.03096 tp=153.84208
2025-11-18 21:48:39 | INFO | trades | CLOSE | SELL | qty=12750000.00 exit=153.84208 pnl=15752.92 R=0.00
2025-11-18 21:48:39 | INFO | trades | OPEN | BUY | qty=12750000.00 entry=153.86217 sl=153.83928 tp=154.14894
2025-11-18 21:48:39 | INFO | trades | CLOSE | BUY | qty=12750000.00 exit=153.83928 pnl=-2626.79 R=-1.00
2025-11-18 21:48:39 | INFO | trades | OPEN | BUY | qty=12750000.00 entry=153.86263 sl=153.82798 tp=154.17154
2025-11-18 21:48:39 | INFO | trades | CLOSE | BUY | qty=12750000.00 exit=153.82798 pnl=-3976.46 R=-1.00
2025-11-18 21:48:39 | INFO | trades | OPEN | BUY | qty=12750000.00 entry=153.14165 sl=153.04704 tp=153.39793
2025-11-18 21:48:39 | INFO | trades | CLOSE | BUY | qty=12750000.00 exit=153.39793 pnl=29408.00 R=0.00
2025-11-18 21:48:39 | INFO | trades | OPEN | SELL | qty=12750000.00 entry=153.41486 sl=153.43656 tp=153.09287
2025-11-18 21:48:39 | INFO | trades | CLOSE | SELL | qty=12750000.00 exit=153.41486 pnl=-0.00 R=0.00
2025-11-18 21:48:39 | INFO | trades | OPEN | SELL | qty=12750000.00 entry=153.44137 sl=153.47408 tp=153.12134
2025-11-18 21:48:39 | INFO | trades | CLOSE | SELL | qty=12750000.00 exit=153.47408 pnl=-3753.77 R=-1.00
2025-11-18 21:48:40 | INFO | trades | OPEN | BUY | qty=12750000.00 entry=153.35560 sl=153.33286 tp=153.50878
2025-11-18 21:48:40 | INFO | trades | CLOSE | BUY | qty=12750000.00 exit=153.33286 pnl=-2609.80 R=-1.00
2025-11-18 21:48:40 | INFO | trades | OPEN | BUY | qty=12750000.00 entry=153.88215 sl=153.78102 tp=154.11696
2025-11-18 21:48:40 | INFO | trades | CLOSE | BUY | qty=12750000.00 exit=154.11696 pnl=26944.00 R=0.00
2025-11-18 21:48:40 | INFO | trades | OPEN | SELL | qty=12750000.00 entry=154.08687 sl=154.13085 tp=153.75930
2025-11-18 21:48:40 | INFO | trades | CLOSE | SELL | qty=12750000.00 exit=154.13085 pnl=-5046.89 R=-1.00
2025-11-18 21:48:40 | INFO | trades | OPEN | SELL | qty=12750000.00 entry=154.08482 sl=154.12739 tp=153.59973
2025-11-18 21:48:40 | INFO | trades | CLOSE | SELL | qty=12750000.00 exit=154.08482 pnl=-0.00 R=0.00
2025-11-18 21:48:41 | INFO | trades | OPEN | SELL | qty=12750000.00 entry=154.13984 sl=154.23937 tp=153.55876
2025-11-18 21:48:41 | INFO | trades | CLOSE | SELL | qty=12750000.00 exit=154.23937 pnl=-11421.04 R=-1.00
2025-11-18 21:48:41 | INFO | trades | OPEN | SELL | qty=12750000.00 entry=154.28732 sl=154.39777 tp=154.08496
2025-11-18 21:48:41 | INFO | trades | CLOSE | SELL | qty=12750000.00 exit=154.28732 pnl=-0.00 R=0.00
2025-11-18 21:48:41 | INFO | trades | OPEN | SELL | qty=12750000.00 entry=154.32039 sl=154.45105 tp=154.02789
2025-11-18 21:48:41 | INFO | trades | CLOSE | SELL | qty=12750000.00 exit=154.02789 pnl=33564.61 R=0.00
2025-11-18 21:48:41 | INFO | trades | OPEN | BUY | qty=12750000.00 entry=153.82367 sl=153.71370 tp=154.24410
2025-11-18 21:48:41 | INFO | trades | CLOSE | BUY | qty=12750000.00 exit=153.71370 pnl=-12619.23 R=-1.00
2025-11-18 21:48:41 | INFO | trades | OPEN | SELL | qty=9688937.73 entry=154.75535 sl=154.80193 tp=153.60214
2025-11-18 21:48:41 | INFO | trades | CLOSE | SELL | qty=9688937.73 exit=154.75535 pnl=-0.00 R=0.00
2025-11-18 21:48:41 | INFO | trades | OPEN | SELL | qty=12750000.00 entry=154.69383 sl=154.76681 tp=154.43138
2025-11-18 21:48:41 | INFO | trades | CLOSE | SELL | qty=12750000.00 exit=154.69383 pnl=-0.00 R=0.00
2025-11-18 21:48:41 | INFO | trades | OPEN | SELL | qty=12750000.00 entry=154.82787 sl=154.91561 tp=154.30479
2025-11-18 21:48:41 | INFO | trades | CLOSE | SELL | qty=12750000.00 exit=154.82787 pnl=-0.00 R=0.00
2025-11-18 21:48:41 | INFO | trades | OPEN | SELL | qty=12750000.00 entry=154.78390 sl=154.88137 tp=154.53375
2025-11-18 21:48:41 | INFO | trades | CLOSE | SELL | qty=12750000.00 exit=154.88137 pnl=-11185.28 R=-1.00
2025-11-18 21:48:42 | INFO | trades | OPEN | SELL | qty=12750000.00 entry=154.85890 sl=154.89415 tp=154.62220
2025-11-18 21:48:42 | INFO | trades | CLOSE | SELL | qty=12750000.00 exit=154.89415 pnl=-4045.35 R=-1.00
2025-11-18 21:48:42 | INFO | trades | OPEN | SELL | qty=12750000.00 entry=154.86484 sl=154.88366 tp=154.64319
2025-11-18 21:48:42 | INFO | trades | CLOSE | SELL | qty=12750000.00 exit=154.88366 pnl=-2159.80 R=-1.00
2025-11-18 21:48:42 | INFO | trades | OPEN | BUY | qty=12750000.00 entry=154.40518 sl=154.29940 tp=154.76319
2025-11-18 21:48:42 | INFO | trades | CLOSE | BUY | qty=12750000.00 exit=154.76319 pnl=41082.22 R=0.00
2025-11-18 21:48:42 | INFO | trades | OPEN | SELL | qty=12750000.00 entry=154.70489 sl=154.72669 tp=154.41412
2025-11-18 21:48:42 | INFO | trades | CLOSE | SELL | qty=12750000.00 exit=154.70489 pnl=-0.00 R=0.00
2025-11-18 21:48:42 | INFO | trades | OPEN | BUY | qty=12750000.00 entry=154.72568 sl=154.58644 tp=155.06512
2025-11-18 21:48:42 | INFO | trades | CLOSE | BUY | qty=12750000.00 exit=154.58644 pnl=-15977.38 R=-1.00
2025-11-18 21:48:42 | INFO | trades | OPEN | BUY | qty=12750000.00 entry=154.63365 sl=154.60616 tp=154.88769
2025-11-18 21:48:42 | INFO | trades | CLOSE | BUY | qty=12750000.00 exit=154.60616 pnl=-3154.78 R=-1.00
2025-11-18 21:48:42 | INFO | trades | OPEN | BUY | qty=12750000.00 entry=154.61265 sl=154.59826 tp=154.82547
2025-11-18 21:48:42 | INFO | trades | CLOSE | BUY | qty=12750000.00 exit=154.61265 pnl=0.00 R=0.00
2025-11-18 21:48:42 | INFO | trades | OPEN | BUY | qty=12750000.00 entry=154.62815 sl=154.60105 tp=154.89790
2025-11-18 21:48:42 | INFO | trades | CLOSE | BUY | qty=12750000.00 exit=154.60105 pnl=-3110.20 R=-1.00
2025-11-18 21:48:42 | INFO | trades | OPEN | SELL | qty=12750000.00 entry=155.03437 sl=155.21335 tp=154.54931
2025-11-18 21:48:42 | INFO | trades | CLOSE | SELL | qty=12750000.00 exit=155.21335 pnl=-20537.92 R=-1.00
2025-11-18 21:48:43 | INFO | trades | OPEN | SELL | qty=1.27 entry=110215.15989 sl=110391.03279 tp=105678.56443
2025-11-18 21:48:43 | INFO | trades | CLOSE | SELL | qty=1.27 exit=110391.03279 pnl=-2239.25 R=-1.00
2025-11-18 21:48:43 | INFO | trades | OPEN | SELL | qty=1.20 entry=110290.37485 sl=110462.36021 tp=105535.90957
2025-11-18 21:48:43 | INFO | trades | CLOSE | SELL | qty=1.20 exit=110462.36021 pnl=-2071.18 R=-1.00
2025-11-18 21:48:43 | INFO | trades | OPEN | SELL | qty=3.41 entry=110059.81485 sl=110574.20768 tp=108851.97464
2025-11-18 21:48:43 | INFO | trades | CLOSE | SELL | qty=3.41 exit=110574.20768 pnl=-17534.44 R=-1.00
2025-11-18 21:48:43 | INFO | trades | OPEN | BUY | qty=6.82 entry=108820.53015 sl=108558.59811 tp=109342.59379
2025-11-18 21:48:43 | INFO | trades | CLOSE | BUY | qty=6.82 exit=108558.59811 pnl=-17856.43 R=-1.00
2025-11-18 21:48:43 | INFO | trades | OPEN | BUY | qty=4.39 entry=108229.72516 sl=107929.62318 tp=109024.61364
2025-11-18 21:48:43 | INFO | trades | CLOSE | BUY | qty=4.39 exit=108229.72516 pnl=0.00 R=0.00
2025-11-18 21:48:43 | INFO | trades | OPEN | BUY | qty=4.19 entry=108023.69016 sl=107918.36036 tp=109064.98929
2025-11-18 21:48:43 | INFO | trades | CLOSE | BUY | qty=4.19 exit=107918.36036 pnl=-4417.53 R=-1.00
2025-11-18 21:48:43 | INFO | trades | OPEN | BUY | qty=4.85 entry=107950.58011 sl=107862.62929 tp=108826.24643
2025-11-18 21:48:43 | INFO | trades | CLOSE | BUY | qty=4.85 exit=107950.58011 pnl=0.00 R=0.00
2025-11-18 21:48:44 | INFO | trades | OPEN | SELL | qty=4.05 entry=108226.20983 sl=108369.71011 tp=107214.43979
2025-11-18 21:48:44 | INFO | trades | CLOSE | SELL | qty=4.05 exit=108226.20983 pnl=-0.00 R=0.00
2025-11-18 21:48:44 | INFO | trades | OPEN | BUY | qty=7.46 entry=108119.75014 sl=107831.93543 tp=108458.76914
2025-11-18 21:48:44 | INFO | trades | CLOSE | BUY | qty=7.46 exit=107831.93543 pnl=-21472.15 R=-1.00
